Created by PLY version 3.11 (http://www.dabeaz.com/ply)

Unused terminals:

    NUMERO

Grammar

Rule 0     S' -> fichero
Rule 1     fichero -> PROPOSICIONES propositions REGLAS rules
Rule 2     propositions -> propositions proposition
Rule 3     propositions -> proposition
Rule 4     proposition -> text DOSPUNTOS PNUMERO IGUAL COEFICIENTE PUNTOYCOMA
Rule 5     proposition -> text PUNTOYCOMA
Rule 6     text -> text IDENT
Rule 7     text -> IDENT
Rule 8     rules -> rules rule
Rule 9     rules -> rule
Rule 10    rule -> IF union THEN PNUMERO DOSPUNTOS CNUMERO IGUAL COEFICIENTE PUNTOYCOMA
Rule 11    union -> andunion
Rule 12    union -> orunion
Rule 13    union -> PNUMERO
Rule 14    andunion -> andunion AND andunion
Rule 15    andunion -> PNUMERO
Rule 16    orunion -> orunion OR orunion
Rule 17    orunion -> PNUMERO

Terminals, with rules where they appear

AND                  : 14
CNUMERO              : 10
COEFICIENTE          : 4 10
DOSPUNTOS            : 4 10
IDENT                : 6 7
IF                   : 10
IGUAL                : 4 10
NUMERO               : 
OR                   : 16
PNUMERO              : 4 10 13 15 17
PROPOSICIONES        : 1
PUNTOYCOMA           : 4 5 10
REGLAS               : 1
THEN                 : 10
error                : 

Nonterminals, with rules where they appear

andunion             : 11 14 14
fichero              : 0
orunion              : 12 16 16
proposition          : 2 3
propositions         : 1 2
rule                 : 8 9
rules                : 1 8
text                 : 4 5 6
union                : 10

Parsing method: LALR

state 0

    (0) S' -> . fichero
    (1) fichero -> . PROPOSICIONES propositions REGLAS rules

    PROPOSICIONES   shift and go to state 2

    fichero                        shift and go to state 1

state 1

    (0) S' -> fichero .



state 2

    (1) fichero -> PROPOSICIONES . propositions REGLAS rules
    (2) propositions -> . propositions proposition
    (3) propositions -> . proposition
    (4) proposition -> . text DOSPUNTOS PNUMERO IGUAL COEFICIENTE PUNTOYCOMA
    (5) proposition -> . text PUNTOYCOMA
    (6) text -> . text IDENT
    (7) text -> . IDENT

    IDENT           shift and go to state 6

    propositions                   shift and go to state 3
    proposition                    shift and go to state 4
    text                           shift and go to state 5

state 3

    (1) fichero -> PROPOSICIONES propositions . REGLAS rules
    (2) propositions -> propositions . proposition
    (4) proposition -> . text DOSPUNTOS PNUMERO IGUAL COEFICIENTE PUNTOYCOMA
    (5) proposition -> . text PUNTOYCOMA
    (6) text -> . text IDENT
    (7) text -> . IDENT

    REGLAS          shift and go to state 7
    IDENT           shift and go to state 6

    proposition                    shift and go to state 8
    text                           shift and go to state 5

state 4

    (3) propositions -> proposition .

    REGLAS          reduce using rule 3 (propositions -> proposition .)
    IDENT           reduce using rule 3 (propositions -> proposition .)


state 5

    (4) proposition -> text . DOSPUNTOS PNUMERO IGUAL COEFICIENTE PUNTOYCOMA
    (5) proposition -> text . PUNTOYCOMA
    (6) text -> text . IDENT

    DOSPUNTOS       shift and go to state 9
    PUNTOYCOMA      shift and go to state 10
    IDENT           shift and go to state 11


state 6

    (7) text -> IDENT .

    DOSPUNTOS       reduce using rule 7 (text -> IDENT .)
    PUNTOYCOMA      reduce using rule 7 (text -> IDENT .)
    IDENT           reduce using rule 7 (text -> IDENT .)


state 7

    (1) fichero -> PROPOSICIONES propositions REGLAS . rules
    (8) rules -> . rules rule
    (9) rules -> . rule
    (10) rule -> . IF union THEN PNUMERO DOSPUNTOS CNUMERO IGUAL COEFICIENTE PUNTOYCOMA

    IF              shift and go to state 14

    rules                          shift and go to state 12
    rule                           shift and go to state 13

state 8

    (2) propositions -> propositions proposition .

    REGLAS          reduce using rule 2 (propositions -> propositions proposition .)
    IDENT           reduce using rule 2 (propositions -> propositions proposition .)


state 9

    (4) proposition -> text DOSPUNTOS . PNUMERO IGUAL COEFICIENTE PUNTOYCOMA

    PNUMERO         shift and go to state 15


state 10

    (5) proposition -> text PUNTOYCOMA .

    REGLAS          reduce using rule 5 (proposition -> text PUNTOYCOMA .)
    IDENT           reduce using rule 5 (proposition -> text PUNTOYCOMA .)


state 11

    (6) text -> text IDENT .

    DOSPUNTOS       reduce using rule 6 (text -> text IDENT .)
    PUNTOYCOMA      reduce using rule 6 (text -> text IDENT .)
    IDENT           reduce using rule 6 (text -> text IDENT .)


state 12

    (1) fichero -> PROPOSICIONES propositions REGLAS rules .
    (8) rules -> rules . rule
    (10) rule -> . IF union THEN PNUMERO DOSPUNTOS CNUMERO IGUAL COEFICIENTE PUNTOYCOMA

    $end            reduce using rule 1 (fichero -> PROPOSICIONES propositions REGLAS rules .)
    IF              shift and go to state 14

    rule                           shift and go to state 16

state 13

    (9) rules -> rule .

    IF              reduce using rule 9 (rules -> rule .)
    $end            reduce using rule 9 (rules -> rule .)


state 14

    (10) rule -> IF . union THEN PNUMERO DOSPUNTOS CNUMERO IGUAL COEFICIENTE PUNTOYCOMA
    (11) union -> . andunion
    (12) union -> . orunion
    (13) union -> . PNUMERO
    (14) andunion -> . andunion AND andunion
    (15) andunion -> . PNUMERO
    (16) orunion -> . orunion OR orunion
    (17) orunion -> . PNUMERO

    PNUMERO         shift and go to state 18

    union                          shift and go to state 17
    andunion                       shift and go to state 19
    orunion                        shift and go to state 20

state 15

    (4) proposition -> text DOSPUNTOS PNUMERO . IGUAL COEFICIENTE PUNTOYCOMA

    IGUAL           shift and go to state 21


state 16

    (8) rules -> rules rule .

    IF              reduce using rule 8 (rules -> rules rule .)
    $end            reduce using rule 8 (rules -> rules rule .)


state 17

    (10) rule -> IF union . THEN PNUMERO DOSPUNTOS CNUMERO IGUAL COEFICIENTE PUNTOYCOMA

    THEN            shift and go to state 22


state 18

    (13) union -> PNUMERO .
    (15) andunion -> PNUMERO .
    (17) orunion -> PNUMERO .

  ! reduce/reduce conflict for THEN resolved using rule 13 (union -> PNUMERO .)
  ! reduce/reduce conflict for THEN resolved using rule 13 (union -> PNUMERO .)
    THEN            reduce using rule 13 (union -> PNUMERO .)
    AND             reduce using rule 15 (andunion -> PNUMERO .)
    OR              reduce using rule 17 (orunion -> PNUMERO .)

  ! THEN            [ reduce using rule 15 (andunion -> PNUMERO .) ]
  ! THEN            [ reduce using rule 17 (orunion -> PNUMERO .) ]


state 19

    (11) union -> andunion .
    (14) andunion -> andunion . AND andunion

    THEN            reduce using rule 11 (union -> andunion .)
    AND             shift and go to state 23


state 20

    (12) union -> orunion .
    (16) orunion -> orunion . OR orunion

    THEN            reduce using rule 12 (union -> orunion .)
    OR              shift and go to state 24


state 21

    (4) proposition -> text DOSPUNTOS PNUMERO IGUAL . COEFICIENTE PUNTOYCOMA

    COEFICIENTE     shift and go to state 25


state 22

    (10) rule -> IF union THEN . PNUMERO DOSPUNTOS CNUMERO IGUAL COEFICIENTE PUNTOYCOMA

    PNUMERO         shift and go to state 26


state 23

    (14) andunion -> andunion AND . andunion
    (14) andunion -> . andunion AND andunion
    (15) andunion -> . PNUMERO

    PNUMERO         shift and go to state 28

    andunion                       shift and go to state 27

state 24

    (16) orunion -> orunion OR . orunion
    (16) orunion -> . orunion OR orunion
    (17) orunion -> . PNUMERO

    PNUMERO         shift and go to state 30

    orunion                        shift and go to state 29

state 25

    (4) proposition -> text DOSPUNTOS PNUMERO IGUAL COEFICIENTE . PUNTOYCOMA

    PUNTOYCOMA      shift and go to state 31


state 26

    (10) rule -> IF union THEN PNUMERO . DOSPUNTOS CNUMERO IGUAL COEFICIENTE PUNTOYCOMA

    DOSPUNTOS       shift and go to state 32


state 27

    (14) andunion -> andunion AND andunion .
    (14) andunion -> andunion . AND andunion

  ! shift/reduce conflict for AND resolved as shift
    THEN            reduce using rule 14 (andunion -> andunion AND andunion .)
    AND             shift and go to state 23

  ! AND             [ reduce using rule 14 (andunion -> andunion AND andunion .) ]


state 28

    (15) andunion -> PNUMERO .

    AND             reduce using rule 15 (andunion -> PNUMERO .)
    THEN            reduce using rule 15 (andunion -> PNUMERO .)


state 29

    (16) orunion -> orunion OR orunion .
    (16) orunion -> orunion . OR orunion

  ! shift/reduce conflict for OR resolved as shift
    THEN            reduce using rule 16 (orunion -> orunion OR orunion .)
    OR              shift and go to state 24

  ! OR              [ reduce using rule 16 (orunion -> orunion OR orunion .) ]


state 30

    (17) orunion -> PNUMERO .

    OR              reduce using rule 17 (orunion -> PNUMERO .)
    THEN            reduce using rule 17 (orunion -> PNUMERO .)


state 31

    (4) proposition -> text DOSPUNTOS PNUMERO IGUAL COEFICIENTE PUNTOYCOMA .

    REGLAS          reduce using rule 4 (proposition -> text DOSPUNTOS PNUMERO IGUAL COEFICIENTE PUNTOYCOMA .)
    IDENT           reduce using rule 4 (proposition -> text DOSPUNTOS PNUMERO IGUAL COEFICIENTE PUNTOYCOMA .)


state 32

    (10) rule -> IF union THEN PNUMERO DOSPUNTOS . CNUMERO IGUAL COEFICIENTE PUNTOYCOMA

    CNUMERO         shift and go to state 33


state 33

    (10) rule -> IF union THEN PNUMERO DOSPUNTOS CNUMERO . IGUAL COEFICIENTE PUNTOYCOMA

    IGUAL           shift and go to state 34


state 34

    (10) rule -> IF union THEN PNUMERO DOSPUNTOS CNUMERO IGUAL . COEFICIENTE PUNTOYCOMA

    COEFICIENTE     shift and go to state 35


state 35

    (10) rule -> IF union THEN PNUMERO DOSPUNTOS CNUMERO IGUAL COEFICIENTE . PUNTOYCOMA

    PUNTOYCOMA      shift and go to state 36


state 36

    (10) rule -> IF union THEN PNUMERO DOSPUNTOS CNUMERO IGUAL COEFICIENTE PUNTOYCOMA .

    IF              reduce using rule 10 (rule -> IF union THEN PNUMERO DOSPUNTOS CNUMERO IGUAL COEFICIENTE PUNTOYCOMA .)
    $end            reduce using rule 10 (rule -> IF union THEN PNUMERO DOSPUNTOS CNUMERO IGUAL COEFICIENTE PUNTOYCOMA .)

WARNING: 
WARNING: Conflicts:
WARNING: 
WARNING: shift/reduce conflict for AND in state 27 resolved as shift
WARNING: shift/reduce conflict for OR in state 29 resolved as shift
WARNING: reduce/reduce conflict in state 18 resolved using rule (union -> PNUMERO)
WARNING: rejected rule (andunion -> PNUMERO) in state 18
WARNING: reduce/reduce conflict in state 18 resolved using rule (union -> PNUMERO)
WARNING: rejected rule (orunion -> PNUMERO) in state 18
